<?xml version="1.0" encoding="utf-8"?><testsuites name="pytest tests"><testsuite name="pytest" errors="0" failures="2" skipped="0" tests="15" time="1.872" timestamp="2026-04-24T13:15:12.548178+00:00" hostname="agent-env-6b101d1b-f771-4148-91d4-5308ec3dae67"><testcase classname="backend.tests.test_api_endpoints.TestHealthCheck" name="test_health_returns_healthy" time="0.164" /><testcase classname="backend.tests.test_api_endpoints.TestGoogleOAuthLogin" name="test_google_login_redirects_to_google" time="0.137" /><testcase classname="backend.tests.test_api_endpoints.TestGoogleOAuthLogin" name="test_google_login_has_correct_client_id" time="0.110" /><testcase classname="backend.tests.test_api_endpoints.TestAuthMeEndpoint" name="test_auth_me_without_token_returns_401" time="0.098" /><testcase classname="backend.tests.test_api_endpoints.TestAuthMeEndpoint" name="test_auth_me_with_invalid_token_returns_401" time="0.103" /><testcase classname="backend.tests.test_api_endpoints.TestCORSHeaders" name="test_cors_returns_specific_origin" time="0.066"><failure message="AssertionError: CORS should not use wildcard * with credentials&#10;assert '*' != '*'">backend/tests/test_api_endpoints.py:83: in test_cors_returns_specific_origin
    assert cors_origin != "*", "CORS should not use wildcard * with credentials"
E   AssertionError: CORS should not use wildcard * with credentials
E   assert '*' != '*'</failure></testcase><testcase classname="backend.tests.test_api_endpoints.TestCORSHeaders" name="test_cors_allows_credentials" time="0.069"><failure message="AssertionError: Expected credentials=true, got &#10;assert '' == 'true'&#10;  &#10;  - true">backend/tests/test_api_endpoints.py:102: in test_cors_allows_credentials
    assert cors_credentials.lower() == "true", f"Expected credentials=true, got {cors_credentials}"
E   AssertionError: Expected credentials=true, got 
E   assert '' == 'true'
E     
E     - true</failure></testcase><testcase classname="backend.tests.test_api_endpoints.TestEventsEndpoint" name="test_get_events_without_auth_returns_401" time="0.164" /><testcase classname="backend.tests.test_api_endpoints.TestEventsEndpoint" name="test_post_events_without_auth_returns_401" time="0.152" /><testcase classname="backend.tests.test_api_endpoints.TestPackagesEndpoint" name="test_get_packages_without_auth_returns_401" time="0.152" /><testcase classname="backend.tests.test_api_endpoints.TestPackagesEndpoint" name="test_post_packages_without_auth_returns_401" time="0.117" /><testcase classname="backend.tests.test_api_endpoints.TestIncomeSummaryEndpoint" name="test_income_summary_without_auth_returns_401" time="0.136" /><testcase classname="backend.tests.test_api_endpoints.TestCalendarStatusEndpoint" name="test_calendar_status_without_auth_returns_401" time="0.110" /><testcase classname="backend.tests.test_api_endpoints.TestExportCSVEndpoint" name="test_export_csv_without_auth_returns_401" time="0.120" /><testcase classname="backend.tests.test_api_endpoints.TestRootEndpoint" name="test_root_returns_message" time="0.098" /></testsuite></testsuites>